2025-04-18 09:12:04 [INFO] Placing order: {'symbol': 'BTCUSDT', 'side': 'BUY', 'type': 'MARKET', 'quantity': 0.01}
2025-04-18 09:12:05 [INFO] Order response: {'orderId': 3812940123, 'symbol': 'BTCUSDT', 'status': 'FILLED', 'clientOrderId': 'x-abc123def', 'price': '0', 'origQty': '0.01', 'executedQty': '0.01', 'type': 'MARKET', 'side': 'BUY', 'fills': [{'price': '64210.50', 'qty': '0.01', 'commission': '0.00001', 'commissionAsset': 'BNB'}]}
2025-04-18 10:34:17 [INFO] Placing order: {'symbol': 'ETHUSDT', 'side': 'SELL', 'type': 'LIMIT', 'quantity': 0.1, 'price': 3200.0, 'timeInForce': 'GTC'}
2025-04-18 10:34:18 [INFO] Order response: {'orderId': 3812940456, 'symbol': 'ETHUSDT', 'status': 'NEW', 'clientOrderId': 'x-xyz789ghi', 'price': '3200.00', 'origQty': '0.10', 'executedQty': '0.00', 'type': 'LIMIT', 'side': 'SELL', 'fills': []}
2025-04-18 11:05:43 [ERROR] Binance API error [-1121]: Invalid symbol.
2025-04-18 11:22:09 [INFO] Placing order: {'symbol': 'SOLUSDT', 'side': 'BUY', 'type': 'MARKET', 'quantity': 1.0}
2025-04-18 11:22:10 [INFO] Order response: {'orderId': 3812941002, 'symbol': 'SOLUSDT', 'status': 'FILLED', 'clientOrderId': 'x-sol334jkl', 'price': '0', 'origQty': '1.00', 'executedQty': '1.00', 'type': 'MARKET', 'side': 'BUY', 'fills': [{'price': '142.30', 'qty': '1.00', 'commission': '0.00001', 'commissionAsset': 'BNB'}]}
2026-04-21 13:28:59 [DEBUG] Binance testnet client initialized
2026-04-21 13:28:59 [INFO] Placing order: {'symbol': 'BTCUSDT', 'side': 'BUY', 'type': 'MARKET', 'quantity': 0.01}
2026-04-21 13:28:59 [ERROR] Binance API error [401]: API-key format invalid.
2026-04-21 13:29:13 [DEBUG] Binance testnet client initialized
2026-04-21 13:29:13 [INFO] Placing order: {'symbol': 'ETHUSDT', 'side': 'SELL', 'type': 'LIMIT', 'quantity': 0.1, 'price': 3200.0, 'timeInForce': 'GTC'}
2026-04-21 13:29:13 [ERROR] Binance API error [401]: API-key format invalid.
2026-04-21 13:41:35 [DEBUG] Binance testnet client initialized
2026-04-21 13:41:35 [INFO] Placing order: {'symbol': 'BTCUSDT', 'side': 'BUY', 'type': 'MARKET', 'quantity': 0.01}
2026-04-21 13:41:35 [ERROR] Binance API error [401]: API-key format invalid.
2026-04-21 14:08:56 [DEBUG] Binance testnet client initialized
2026-04-21 14:08:56 [INFO] Placing order: {'symbol': 'BTCUSDT', 'side': 'BUY', 'type': 'MARKET', 'quantity': 0.01}
2026-04-21 14:08:57 [ERROR] Binance API error [401]: API-key format invalid.
2026-04-21 14:09:55 [DEBUG] Binance testnet client initialized
2026-04-21 14:09:55 [INFO] Placing order: {'symbol': 'BTCUSDT', 'side': 'BUY', 'type': 'MARKET', 'quantity': 0.01}
2026-04-21 14:09:55 [ERROR] Binance API error [401]: API-key format invalid.
2026-04-21 14:11:32 [DEBUG] Binance testnet client initialized
2026-04-21 14:11:32 [INFO] Placing order: {'symbol': 'BTCUSDT', 'side': 'BUY', 'type': 'MARKET', 'quantity': 0.01}
2026-04-21 14:11:32 [ERROR] Binance API error [401]: API-key format invalid.
2026-04-21 14:13:03 [DEBUG] Binance testnet client initialized
2026-04-21 14:13:03 [INFO] Placing order: {'symbol': 'BTCUSDT', 'side': 'BUY', 'type': 'MARKET', 'quantity': 0.01}
2026-04-21 14:13:04 [ERROR] Binance API error [401]: API-key format invalid.
2026-04-21 14:15:52 [DEBUG] Binance testnet client initialized
2026-04-21 14:15:52 [INFO] Placing order: {'symbol': 'BTCUSDT', 'side': 'BUY', 'type': 'MARKET', 'quantity': 0.01}
2026-04-21 14:15:52 [ERROR] Binance API error [401]: API-key format invalid.
2026-04-21 14:17:14 [DEBUG] Binance testnet client initialized
2026-04-21 14:17:14 [INFO] Placing order: {'symbol': 'BTCUSDT', 'side': 'BUY', 'type': 'MARKET', 'quantity': 0.01}
2026-04-21 14:17:14 [ERROR] Binance API error [401]: API-key format invalid.
2026-04-21 14:20:40 [INFO] Starting in DEMO mode — orders are simulated, nothing is sent to Binance
2026-04-21 14:20:40 [DEBUG] MockFuturesClient initialized (demo mode — no real API calls)
2026-04-21 14:20:42 [INFO] Placing order: {'symbol': 'BTCUSDT', 'side': 'BUY', 'type': 'MARKET', 'quantity': 0.01}
2026-04-21 14:20:42 [INFO] [DEMO] Simulated order response: {'orderId': 4291010195, 'symbol': 'BTCUSDT', 'status': 'FILLED', 'clientOrderId': 'x-demo-91dbd71ce8f6', 'price': '0', 'avgPrice': '67405.2636', 'origQty': '0.01', 'executedQty': '0.01', 'cumQuote': '674.0526', 'timeInForce': 'GTC', 'type': 'MARKET', 'side': 'BUY', 'updateTime': 1776761442603, 'workingType': 'CONTRACT_PRICE', 'fills': [{'price': '67405.2636', 'qty': '0.01', 'commission': '0.269621', 'commissionAsset': 'USDT'}]}
2026-04-21 14:20:42 [INFO] Order response: {'orderId': 4291010195, 'symbol': 'BTCUSDT', 'status': 'FILLED', 'clientOrderId': 'x-demo-91dbd71ce8f6', 'price': '0', 'avgPrice': '67405.2636', 'origQty': '0.01', 'executedQty': '0.01', 'cumQuote': '674.0526', 'timeInForce': 'GTC', 'type': 'MARKET', 'side': 'BUY', 'updateTime': 1776761442603, 'workingType': 'CONTRACT_PRICE', 'fills': [{'price': '67405.2636', 'qty': '0.01', 'commission': '0.269621', 'commissionAsset': 'USDT'}]}
2026-04-21 14:20:51 [INFO] Starting in DEMO mode — orders are simulated, nothing is sent to Binance
2026-04-21 14:20:51 [DEBUG] MockFuturesClient initialized (demo mode — no real API calls)
2026-04-21 14:20:52 [INFO] Placing order: {'symbol': 'ETHUSDT', 'side': 'SELL', 'type': 'LIMIT', 'quantity': 0.1, 'price': 3200.0, 'timeInForce': 'GTC'}
2026-04-21 14:20:52 [INFO] [DEMO] Simulated order response: {'orderId': 3090530109, 'symbol': 'ETHUSDT', 'status': 'NEW', 'clientOrderId': 'x-demo-da09fd5ad0c5', 'price': '3200.0', 'avgPrice': '3200.0', 'origQty': '0.1', 'executedQty': '0', 'cumQuote': '320.0', 'timeInForce': 'GTC', 'type': 'LIMIT', 'side': 'SELL', 'updateTime': 1776761452406, 'workingType': 'CONTRACT_PRICE', 'fills': []}
2026-04-21 14:20:52 [INFO] Order response: {'orderId': 3090530109, 'symbol': 'ETHUSDT', 'status': 'NEW', 'clientOrderId': 'x-demo-da09fd5ad0c5', 'price': '3200.0', 'avgPrice': '3200.0', 'origQty': '0.1', 'executedQty': '0', 'cumQuote': '320.0', 'timeInForce': 'GTC', 'type': 'LIMIT', 'side': 'SELL', 'updateTime': 1776761452406, 'workingType': 'CONTRACT_PRICE', 'fills': []}
2026-04-21 14:20:54 [INFO] Starting in DEMO mode — orders are simulated, nothing is sent to Binance
2026-04-21 14:20:54 [DEBUG] MockFuturesClient initialized (demo mode — no real API calls)
2026-04-21 14:20:56 [INFO] Placing order: {'symbol': 'SOLUSDT', 'side': 'SELL', 'type': 'MARKET', 'quantity': 1.0}
2026-04-21 14:20:56 [INFO] [DEMO] Simulated order response: {'orderId': 8261352309, 'symbol': 'SOLUSDT', 'status': 'FILLED', 'clientOrderId': 'x-demo-2e644d9e372d', 'price': '0', 'avgPrice': '148.7168', 'origQty': '1.0', 'executedQty': '1.0', 'cumQuote': '148.7168', 'timeInForce': 'GTC', 'type': 'MARKET', 'side': 'SELL', 'updateTime': 1776761456359, 'workingType': 'CONTRACT_PRICE', 'fills': [{'price': '148.7168', 'qty': '1.0', 'commission': '0.059487', 'commissionAsset': 'USDT'}]}
2026-04-21 14:20:56 [INFO] Order response: {'orderId': 8261352309, 'symbol': 'SOLUSDT', 'status': 'FILLED', 'clientOrderId': 'x-demo-2e644d9e372d', 'price': '0', 'avgPrice': '148.7168', 'origQty': '1.0', 'executedQty': '1.0', 'cumQuote': '148.7168', 'timeInForce': 'GTC', 'type': 'MARKET', 'side': 'SELL', 'updateTime': 1776761456359, 'workingType': 'CONTRACT_PRICE', 'fills': [{'price': '148.7168', 'qty': '1.0', 'commission': '0.059487', 'commissionAsset': 'USDT'}]}
2026-04-21 14:22:46 [INFO] Starting in DEMO mode — orders are simulated, nothing is sent to Binance
2026-04-21 14:22:46 [DEBUG] MockFuturesClient initialized (demo mode — no real API calls)
2026-04-21 14:22:48 [INFO] Placing order: {'symbol': 'BTCUSDT', 'side': 'BUY', 'type': 'MARKET', 'quantity': 0.01}
2026-04-21 14:22:48 [INFO] [DEMO] Simulated order response: {'orderId': 8654156379, 'symbol': 'BTCUSDT', 'status': 'FILLED', 'clientOrderId': 'x-demo-5af03a5aee04', 'price': '0', 'avgPrice': '67415.7296', 'origQty': '0.01', 'executedQty': '0.01', 'cumQuote': '674.1573', 'timeInForce': 'GTC', 'type': 'MARKET', 'side': 'BUY', 'updateTime': 1776761568118, 'workingType': 'CONTRACT_PRICE', 'fills': [{'price': '67415.7296', 'qty': '0.01', 'commission': '0.269663', 'commissionAsset': 'USDT'}]}
2026-04-21 14:22:48 [INFO] Order response: {'orderId': 8654156379, 'symbol': 'BTCUSDT', 'status': 'FILLED', 'clientOrderId': 'x-demo-5af03a5aee04', 'price': '0', 'avgPrice': '67415.7296', 'origQty': '0.01', 'executedQty': '0.01', 'cumQuote': '674.1573', 'timeInForce': 'GTC', 'type': 'MARKET', 'side': 'BUY', 'updateTime': 1776761568118, 'workingType': 'CONTRACT_PRICE', 'fills': [{'price': '67415.7296', 'qty': '0.01', 'commission': '0.269663', 'commissionAsset': 'USDT'}]}
